# JRE version: OpenJDK Runtime Environment (8.0_181-b13) (build 1.8.0_181-8u181-b13-0ubuntu0.16.04.1-b13)
# Java VM: OpenJDK 64-Bit Server VM (25.181-b13 mixed mode linux-amd64 compressed oops)
Heap:
 def new generation   total 83392K, used 15233K [0x00000000c0000000, 0x00000000c5a70000, 0x00000000d5550000)
  eden space 74176K,  19% used [0x00000000c0000000, 0x00000000c0e69418, 0x00000000c4870000)
  from space 9216K,   5% used [0x00000000c4870000, 0x00000000c48e7380, 0x00000000c5170000)
  to   space 9216K,   0% used [0x00000000c5170000, 0x00000000c5170000, 0x00000000c5a70000)
 tenured generation   total 185040K, used 159490K [0x00000000d5550000, 0x00000000e0a04000, 0x0000000100000000)
   the space 185040K,  86% used [0x00000000d5550000, 0x00000000df110b08, 0x00000000df110c00, 0x00000000e0a04000)
 Metaspace       used 97865K, capacity 100384K, committed 100696K, reserved 1136640K
  class space    used 12615K, capacity 13018K, committed 13144K, reserved 1048576K
GC Heap History (10 events):
Event: 250.473 GC heap before
{Heap before GC invocations=730 (full 16):
 def new generation   total 83392K, used 76239K [0x00000000c0000000, 0x00000000c5a70000, 0x00000000d5550000)
  eden space 74176K, 100% used [0x00000000c0000000, 0x00000000c4870000, 0x00000000c4870000)
  from space 9216K,  22% used [0x00000000c5170000, 0x00000000c5373ee0, 0x00000000c5a70000)
  to   space 9216K,   0% used [0x00000000c4870000, 0x00000000c4870000, 0x00000000c5170000)
 tenured generation   total 185040K, used 151712K [0x00000000d5550000, 0x00000000e0a04000, 0x0000000100000000)
   the space 185040K,  81% used [0x00000000d5550000, 0x00000000de978388, 0x00000000de978400, 0x00000000e0a04000)
 Metaspace       used 97855K, capacity 100378K, committed 100696K, reserved 1136640K
  class space    used 12614K, capacity 13017K, committed 13144K, reserved 1048576K
Event: 250.905 GC heap after
Heap after GC invocations=731 (full 16):
 def new generation   total 83392K, used 8363K [0x00000000c0000000, 0x00000000c5a70000, 0x00000000d5550000)
  eden space 74176K,   0% used [0x00000000c0000000, 0x00000000c0000000, 0x00000000c4870000)
  from space 9216K,  90% used [0x00000000c4870000, 0x00000000c509ad10, 0x00000000c5170000)
  to   space 9216K,   0% used [0x00000000c5170000, 0x00000000c5170000, 0x00000000c5a70000)
 tenured generation   total 185040K, used 151712K [0x00000000d5550000, 0x00000000e0a04000, 0x0000000100000000)
   the space 185040K,  81% used [0x00000000d5550000, 0x00000000de978388, 0x00000000de978400, 0x00000000e0a04000)
 Metaspace       used 97855K, capacity 100378K, committed 100696K, reserved 1136640K
  class space    used 12614K, capacity 13017K, committed 13144K, reserved 1048576K
}
Event: 251.637 GC heap before
{Heap before GC invocations=731 (full 16):
 def new generation   total 83392K, used 82539K [0x00000000c0000000, 0x00000000c5a70000, 0x00000000d5550000)
  eden space 74176K, 100% used [0x00000000c0000000, 0x00000000c4870000, 0x00000000c4870000)
  from space 9216K,  90% used [0x00000000c4870000, 0x00000000c509ad10, 0x00000000c5170000)
  to   space 9216K,   0% used [0x00000000c5170000, 0x00000000c5170000, 0x00000000c5a70000)
 tenured generation   total 185040K, used 151712K [0x00000000d5550000, 0x00000000e0a04000, 0x0000000100000000)
   the space 185040K,  81% used [0x00000000d5550000, 0x00000000de978388, 0x00000000de978400, 0x00000000e0a04000)
 Metaspace       used 97855K, capacity 100378K, committed 100696K, reserved 1136640K
  class space    used 12614K, capacity 13017K, committed 13144K, reserved 1048576K
Event: 252.047 GC heap after
Heap after GC invocations=732 (full 16):
 def new generation   total 83392K, used 714K [0x00000000c0000000, 0x00000000c5a70000, 0x00000000d5550000)
  eden space 74176K,   0% used [0x00000000c0000000, 0x00000000c0000000, 0x00000000c4870000)
  from space 9216K,   7% used [0x00000000c5170000, 0x00000000c5222950, 0x00000000c5a70000)
  to   space 9216K,   0% used [0x00000000c4870000, 0x00000000c4870000, 0x00000000c5170000)
 tenured generation   total 185040K, used 159490K [0x00000000d5550000, 0x00000000e0a04000, 0x0000000100000000)
   the space 185040K,  86% used [0x00000000d5550000, 0x00000000df110b08, 0x00000000df110c00, 0x00000000e0a04000)
 Metaspace       used 97855K, capacity 100378K, committed 100696K, reserved 1136640K
  class space    used 12614K, capacity 13017K, committed 13144K, reserved 1048576K
}
Event: 252.973 GC heap before
{Heap before GC invocations=732 (full 16):
 def new generation   total 83392K, used 74890K [0x00000000c0000000, 0x00000000c5a70000, 0x00000000d5550000)
  eden space 74176K, 100% used [0x00000000c0000000, 0x00000000c4870000, 0x00000000c4870000)
  from space 9216K,   7% used [0x00000000c5170000, 0x00000000c5222950, 0x00000000c5a70000)
  to   space 9216K,   0% used [0x00000000c4870000, 0x00000000c4870000, 0x00000000c5170000)
 tenured generation   total 185040K, used 159490K [0x00000000d5550000, 0x00000000e0a04000, 0x0000000100000000)
   the space 185040K,  86% used [0x00000000d5550000, 0x00000000df110b08, 0x00000000df110c00, 0x00000000e0a04000)
 Metaspace       used 97855K, capacity 100378K, committed 100696K, reserved 1136640K
  class space    used 12614K, capacity 13017K, committed 13144K, reserved 1048576K
Event: 253.327 GC heap after
Heap after GC invocations=733 (full 16):
 def new generation   total 83392K, used 969K [0x00000000c0000000, 0x00000000c5a70000, 0x00000000d5550000)
  eden space 74176K,   0% used [0x00000000c0000000, 0x00000000c0000000, 0x00000000c4870000)
  from space 9216K,  10% used [0x00000000c4870000, 0x00000000c4962450, 0x00000000c5170000)
  to   space 9216K,   0% used [0x00000000c5170000, 0x00000000c5170000, 0x00000000c5a70000)
 tenured generation   total 185040K, used 159490K [0x00000000d5550000, 0x00000000e0a04000, 0x0000000100000000)
   the space 185040K,  86% used [0x00000000d5550000, 0x00000000df110b08, 0x00000000df110c00, 0x00000000e0a04000)
 Metaspace       used 97855K, capacity 100378K, committed 100696K, reserved 1136640K
  class space    used 12614K, capacity 13017K, committed 13144K, reserved 1048576K
}
Event: 254.076 GC heap before
{Heap before GC invocations=733 (full 16):
 def new generation   total 83392K, used 75145K [0x00000000c0000000, 0x00000000c5a70000, 0x00000000d5550000)
  eden space 74176K, 100% used [0x00000000c0000000, 0x00000000c4870000, 0x00000000c4870000)
  from space 9216K,  10% used [0x00000000c4870000, 0x00000000c4962450, 0x00000000c5170000)
  to   space 9216K,   0% used [0x00000000c5170000, 0x00000000c5170000, 0x00000000c5a70000)
 tenured generation   total 185040K, used 159490K [0x00000000d5550000, 0x00000000e0a04000, 0x0000000100000000)
   the space 185040K,  86% used [0x00000000d5550000, 0x00000000df110b08, 0x00000000df110c00, 0x00000000e0a04000)
 Metaspace       used 97855K, capacity 100378K, committed 100696K, reserved 1136640K
  class space    used 12614K, capacity 13017K, committed 13144K, reserved 1048576K
Event: 254.421 GC heap after
Heap after GC invocations=734 (full 16):
 def new generation   total 83392K, used 971K [0x00000000c0000000, 0x00000000c5a70000, 0x00000000d5550000)
  eden space 74176K,   0% used [0x00000000c0000000, 0x00000000c0000000, 0x00000000c4870000)
  from space 9216K,  10% used [0x00000000c5170000, 0x00000000c5262f98, 0x00000000c5a70000)
  to   space 9216K,   0% used [0x00000000c4870000, 0x00000000c4870000, 0x00000000c5170000)
 tenured generation   total 185040K, used 159490K [0x00000000d5550000, 0x00000000e0a04000, 0x0000000100000000)
   the space 185040K,  86% used [0x00000000d5550000, 0x00000000df110b08, 0x00000000df110c00, 0x00000000e0a04000)
 Metaspace       used 97855K, capacity 100378K, committed 100696K, reserved 1136640K
  class space    used 12614K, capacity 13017K, committed 13144K, reserved 1048576K
}
Event: 265.165 GC heap before
{Heap before GC invocations=734 (full 16):
 def new generation   total 83392K, used 75147K [0x00000000c0000000, 0x00000000c5a70000, 0x00000000d5550000)
  eden space 74176K, 100% used [0x00000000c0000000, 0x00000000c4870000, 0x00000000c4870000)
  from space 9216K,  10% used [0x00000000c5170000, 0x00000000c5262f98, 0x00000000c5a70000)
  to   space 9216K,   0% used [0x00000000c4870000, 0x00000000c4870000, 0x00000000c5170000)
 tenured generation   total 185040K, used 159490K [0x00000000d5550000, 0x00000000e0a04000, 0x0000000100000000)
   the space 185040K,  86% used [0x00000000d5550000, 0x00000000df110b08, 0x00000000df110c00, 0x00000000e0a04000)
 Metaspace       used 97860K, capacity 100378K, committed 100696K, reserved 1136640K
  class space    used 12614K, capacity 13017K, committed 13144K, reserved 1048576K
Event: 265.408 GC heap after
Heap after GC invocations=735 (full 16):
 def new generation   total 83392K, used 476K [0x00000000c0000000, 0x00000000c5a70000, 0x00000000d5550000)
  eden space 74176K,   0% used [0x00000000c0000000, 0x00000000c0000000, 0x00000000c4870000)
  from space 9216K,   5% used [0x00000000c4870000, 0x00000000c48e7380, 0x00000000c5170000)
  to   space 9216K,   0% used [0x00000000c5170000, 0x00000000c5170000, 0x00000000c5a70000)
 tenured generation   total 185040K, used 159490K [0x00000000d5550000, 0x00000000e0a04000, 0x0000000100000000)
   the space 185040K,  86% used [0x00000000d5550000, 0x00000000df110b08, 0x00000000df110c00, 0x00000000e0a04000)
 Metaspace       used 97860K, capacity 100378K, committed 100696K, reserved 1136640K
  class space    used 12614K, capacity 13017K, committed 13144K, reserved 1048576K
}

